2018-09-16 00:02:10,903 INFO org.apache.hadoop.mapred.JobTracker: STARTUP_MSG: 
/************************************************************
STARTUP_MSG: Starting JobTracker
STARTUP_MSG:   host = pilab/127.0.1.1
STARTUP_MSG:   args = []
STARTUP_MSG:   version = 1.2.1
STARTUP_MSG:   build = https://svn.apache.org/repos/asf/hadoop/common/branches/branch-1.2 -r 1503152; compiled by 'mattf' on Mon Jul 22 15:23:09 PDT 2013
STARTUP_MSG:   java = 1.8.0_91
************************************************************/
2018-09-16 00:02:11,169 INFO org.apache.hadoop.metrics2.impl.MetricsConfig: loaded properties from hadoop-metrics2.properties
2018-09-16 00:02:11,178 INFO org.apache.hadoop.metrics2.impl.MetricsSourceAdapter: MBean for source MetricsSystem,sub=Stats registered.
2018-09-16 00:02:11,179 INFO org.apache.hadoop.metrics2.impl.MetricsSystemImpl: Scheduled snapshot period at 10 second(s).
2018-09-16 00:02:11,179 INFO org.apache.hadoop.metrics2.impl.MetricsSystemImpl: JobTracker metrics system started
2018-09-16 00:02:11,301 INFO org.apache.hadoop.metrics2.impl.MetricsSourceAdapter: MBean for source QueueMetrics,q=default registered.
2018-09-16 00:02:11,992 INFO org.apache.hadoop.metrics2.impl.MetricsSourceAdapter: MBean for source ugi registered.
2018-09-16 00:02:11,992 WARN org.apache.hadoop.metrics2.impl.MetricsSystemImpl: Source name ugi already exists!
2018-09-16 00:02:11,993 INFO org.apache.hadoop.security.token.delegation.AbstractDelegationTokenSecretManager: Updating the current master key for generating delegation tokens
2018-09-16 00:02:11,999 INFO org.apache.hadoop.mapred.JobTracker: Scheduler configured with (memSizeForMapSlotOnJT, memSizeForReduceSlotOnJT, limitMaxMemForMapTasks, limitMaxMemForReduceTasks) (-1, -1, -1, -1)
2018-09-16 00:02:12,000 INFO org.apache.hadoop.util.HostsFileReader: Refreshing hosts (include/exclude) list
2018-09-16 00:02:12,001 INFO org.apache.hadoop.security.token.delegation.AbstractDelegationTokenSecretManager: Starting expired delegation token remover thread, tokenRemoverScanInterval=60 min(s)
2018-09-16 00:02:12,001 INFO org.apache.hadoop.security.token.delegation.AbstractDelegationTokenSecretManager: Updating the current master key for generating delegation tokens
2018-09-16 00:02:12,014 INFO org.apache.hadoop.mapred.JobTracker: Starting jobtracker with owner as hduser
2018-09-16 00:02:12,061 INFO org.apache.hadoop.metrics2.impl.MetricsSourceAdapter: MBean for source RpcDetailedActivityForPort54311 registered.
2018-09-16 00:02:12,062 INFO org.apache.hadoop.metrics2.impl.MetricsSourceAdapter: MBean for source RpcActivityForPort54311 registered.
2018-09-16 00:02:12,064 INFO org.apache.hadoop.ipc.Server: Starting SocketReader
2018-09-16 00:02:12,153 INFO org.mortbay.log: Logging to org.slf4j.impl.Log4jLoggerAdapter(org.mortbay.log) via org.mortbay.log.Slf4jLog
2018-09-16 00:02:12,204 INFO org.apache.hadoop.http.HttpServer: Added global filtersafety (class=org.apache.hadoop.http.HttpServer$QuotingInputFilter)
2018-09-16 00:02:12,207 INFO org.apache.hadoop.http.HttpServer: Port returned by webServer.getConnectors()[0].getLocalPort() before open() is -1. Opening the listener on 50030
2018-09-16 00:02:12,208 INFO org.apache.hadoop.http.HttpServer: listener.getLocalPort() returned 50030 webServer.getConnectors()[0].getLocalPort() returned 50030
2018-09-16 00:02:12,208 INFO org.apache.hadoop.http.HttpServer: Jetty bound to port 50030
2018-09-16 00:02:12,208 INFO org.mortbay.log: jetty-6.1.26
2018-09-16 00:02:12,678 INFO org.mortbay.log: Started SelectChannelConnector@0.0.0.0:50030
2018-09-16 00:02:12,681 INFO org.apache.hadoop.metrics2.impl.MetricsSourceAdapter: MBean for source jvm registered.
2018-09-16 00:02:12,681 INFO org.apache.hadoop.metrics2.impl.MetricsSourceAdapter: MBean for source JobTrackerMetrics registered.
2018-09-16 00:02:12,700 INFO org.apache.hadoop.mapred.JobTracker: JobTracker up at: 54311
2018-09-16 00:02:12,700 INFO org.apache.hadoop.mapred.JobTracker: JobTracker webserver: 50030
2018-09-16 00:02:12,739 INFO org.apache.hadoop.ipc.Server: IPC Server Responder: starting
2018-09-16 00:02:12,746 INFO org.apache.hadoop.ipc.Server: IPC Server listener on 54311: starting
2018-09-16 00:02:12,747 INFO org.apache.hadoop.ipc.Server: IPC Server handler 1 on 54311: starting
2018-09-16 00:02:12,747 INFO org.apache.hadoop.ipc.Server: IPC Server handler 0 on 54311: starting
2018-09-16 00:02:12,747 INFO org.apache.hadoop.ipc.Server: IPC Server handler 2 on 54311: starting
2018-09-16 00:02:12,748 INFO org.apache.hadoop.ipc.Server: IPC Server handler 3 on 54311: starting
2018-09-16 00:02:12,755 INFO org.apache.hadoop.ipc.Server: IPC Server handler 5 on 54311: starting
2018-09-16 00:02:12,755 INFO org.apache.hadoop.ipc.Server: IPC Server handler 6 on 54311: starting
2018-09-16 00:02:12,755 INFO org.apache.hadoop.ipc.Server: IPC Server handler 7 on 54311: starting
2018-09-16 00:02:12,755 INFO org.apache.hadoop.ipc.Server: IPC Server handler 8 on 54311: starting
2018-09-16 00:02:12,756 INFO org.apache.hadoop.mapred.JobTracker: Setting safe mode to true. Requested by : hduser
2018-09-16 00:02:12,758 INFO org.apache.hadoop.ipc.Server: IPC Server handler 4 on 54311: starting
2018-09-16 00:02:12,783 INFO org.apache.hadoop.ipc.Server: IPC Server handler 9 on 54311: starting
2018-09-16 00:02:13,001 INFO org.apache.hadoop.mapred.JobTracker: HDFS initialized but not 'healthy' yet, waiting...
2018-09-16 00:02:14,013 INFO org.apache.hadoop.mapred.JobTracker: HDFS initialized but not 'healthy' yet, waiting...
2018-09-16 00:02:15,037 INFO org.apache.hadoop.mapred.JobTracker: HDFS initialized but not 'healthy' yet, waiting...
2018-09-16 00:02:16,048 INFO org.apache.hadoop.mapred.JobTracker: HDFS initialized but not 'healthy' yet, waiting...
2018-09-16 00:02:17,061 INFO org.apache.hadoop.mapred.JobTracker: HDFS initialized but not 'healthy' yet, waiting...
2018-09-16 00:02:18,072 INFO org.apache.hadoop.mapred.JobTracker: HDFS initialized but not 'healthy' yet, waiting...
2018-09-16 00:02:19,091 INFO org.apache.hadoop.mapred.JobTracker: HDFS initialized but not 'healthy' yet, waiting...
2018-09-16 00:02:20,115 INFO org.apache.hadoop.mapred.JobTracker: HDFS initialized but not 'healthy' yet, waiting...
2018-09-16 00:02:21,155 INFO org.apache.hadoop.mapred.JobTracker: HDFS initialized but not 'healthy' yet, waiting...
2018-09-16 00:02:22,166 INFO org.apache.hadoop.mapred.JobTracker: HDFS initialized but not 'healthy' yet, waiting...
2018-09-16 00:02:23,192 INFO org.apache.hadoop.mapred.JobTracker: HDFS initialized but not 'healthy' yet, waiting...
2018-09-16 00:02:24,203 INFO org.apache.hadoop.mapred.JobTracker: HDFS initialized but not 'healthy' yet, waiting...
2018-09-16 00:02:25,229 INFO org.apache.hadoop.mapred.JobTracker: HDFS initialized but not 'healthy' yet, waiting...
2018-09-16 00:02:26,252 INFO org.apache.hadoop.mapred.JobTracker: HDFS initialized but not 'healthy' yet, waiting...
2018-09-16 00:02:27,270 INFO org.apache.hadoop.mapred.JobTracker: HDFS initialized but not 'healthy' yet, waiting...
2018-09-16 00:02:28,301 INFO org.apache.hadoop.mapred.JobTracker: HDFS initialized but not 'healthy' yet, waiting...
2018-09-16 00:02:29,315 INFO org.apache.hadoop.mapred.JobTracker: HDFS initialized but not 'healthy' yet, waiting...
2018-09-16 00:02:30,353 INFO org.apache.hadoop.mapred.JobTracker: HDFS initialized but not 'healthy' yet, waiting...
2018-09-16 00:02:31,364 INFO org.apache.hadoop.mapred.JobTracker: HDFS initialized but not 'healthy' yet, waiting...
2018-09-16 00:02:32,379 INFO org.apache.hadoop.mapred.JobTracker: HDFS initialized but not 'healthy' yet, waiting...
2018-09-16 00:02:33,395 INFO org.apache.hadoop.mapred.JobTracker: HDFS initialized but not 'healthy' yet, waiting...
2018-09-16 00:02:34,501 INFO org.apache.hadoop.mapred.JobTracker: HDFS initialized but not 'healthy' yet, waiting...
2018-09-16 00:02:35,540 INFO org.apache.hadoop.mapred.JobTracker: HDFS initialized but not 'healthy' yet, waiting...
2018-09-16 00:02:36,733 INFO org.apache.hadoop.mapred.JobTracker: HDFS initialized but not 'healthy' yet, waiting...
2018-09-16 00:02:37,784 INFO org.apache.hadoop.mapred.JobTracker: HDFS initialized but not 'healthy' yet, waiting...
2018-09-16 00:02:38,825 INFO org.apache.hadoop.mapred.JobTracker: HDFS initialized but not 'healthy' yet, waiting...
2018-09-16 00:02:39,838 INFO org.apache.hadoop.mapred.JobTracker: HDFS initialized but not 'healthy' yet, waiting...
2018-09-16 00:02:40,855 INFO org.apache.hadoop.mapred.JobTracker: Setting safe mode to false. Requested by : hduser
2018-09-16 00:02:40,918 INFO org.apache.hadoop.mapred.JobTracker: Cleaning up the system directory
2018-09-16 00:02:40,978 INFO org.apache.hadoop.mapred.JobHistory: Job History MaxAge is 2592000000 ms (30.00 days), Cleanup Frequency is 86400000 ms (1.00 days)
2018-09-16 00:02:40,979 INFO org.apache.hadoop.mapred.JobTracker: History server being initialized in embedded mode
2018-09-16 00:02:40,983 INFO org.apache.hadoop.mapred.JobHistoryServer: Started job history server at: localhost:50030
2018-09-16 00:02:40,983 INFO org.apache.hadoop.mapred.JobTracker: Job History Server web address: localhost:50030
2018-09-16 00:02:40,984 INFO org.apache.hadoop.mapred.CompletedJobStatusStore: Completed job store is inactive
2018-09-16 00:02:41,109 INFO org.apache.hadoop.mapred.JobTracker: Starting the recovery process for 0 jobs ...
2018-09-16 00:02:41,109 INFO org.apache.hadoop.mapred.JobTracker: Recovery done! Recoverd 0 of 0 jobs.
2018-09-16 00:02:41,109 INFO org.apache.hadoop.mapred.JobTracker: Recovery Duration (ms):0
2018-09-16 00:02:41,110 INFO org.apache.hadoop.mapred.JobTracker: Refreshing hosts information
2018-09-16 00:02:41,120 INFO org.apache.hadoop.util.HostsFileReader: Setting the includes file to 
2018-09-16 00:02:41,121 INFO org.apache.hadoop.util.HostsFileReader: Setting the excludes file to 
2018-09-16 00:02:41,121 INFO org.apache.hadoop.util.HostsFileReader: Refreshing hosts (include/exclude) list
2018-09-16 00:02:41,121 INFO org.apache.hadoop.mapred.JobTracker: Decommissioning 0 nodes
2018-09-16 00:02:41,121 INFO org.apache.hadoop.mapred.JobTracker: Starting RUNNING
2018-09-16 00:02:41,987 INFO org.apache.hadoop.net.NetworkTopology: Adding a new node: /default-rack/pilab
2018-09-16 00:02:42,020 INFO org.apache.hadoop.mapred.JobTracker: Adding tracker tracker_pilab:localhost/127.0.0.1:41377 to host pilab
2018-09-16 00:16:31,020 INFO org.apache.hadoop.mapred.JobTracker: SHUTDOWN_MSG: 
/************************************************************
SHUTDOWN_MSG: Shutting down JobTracker at pilab/127.0.1.1
************************************************************/
